
Showing logs for build [32mcb-kubecd-environment-pr-200-1-qb9j7-1[0m stage [32mfrom-build-pack[0m and container [32mstep-credential-initializer-nr5b4[0m
{"level":"warn","ts":1586889938.780551,"logger":"fallback-logger","caller":"logging/config.go:69","msg":"Fetch GitHub commit ID from kodata failed: \"ref: refs/heads/0.8.0-**-support-backwards-incompats\" is not a valid GitHub commit ID"}
{"level":"info","ts":1586889938.7813735,"logger":"fallback-logger","caller":"creds-init/main.go:40","msg":"Credentials initialized."}

Showing logs for build [32mcb-kubecd-environment-pr-200-1-qb9j7-1[0m stage [32mfrom-build-pack[0m and container [32mstep-working-dir-initializer-scnx6[0m
{"level":"warn","ts":1586889939.727701,"logger":"fallback-logger","caller":"logging/config.go:69","msg":"Fetch GitHub commit ID from kodata failed: open /var/run/ko/HEAD: no such file or directory"}
{"level":"info","ts":1586889939.7296827,"logger":"fallback-logger","caller":"bash/main.go:64","msg":"Successfully executed command \"sh -c mkdir -p /workspace/source\"; output "}

Showing logs for build [32mcb-kubecd-environment-pr-200-1-qb9j7-1[0m stage [32mfrom-build-pack[0m and container [32mstep-place-tools[0m

Showing logs for build [32mcb-kubecd-environment-pr-200-1-qb9j7-1[0m stage [32mfrom-build-pack[0m and container [32mstep-git-source-cb-kubecd-environment-pr-200-1-qb9j7-48jmt[0m
{"level":"warn","ts":1586889966.9099257,"logger":"fallback-logger","caller":"logging/config.go:69","msg":"Fetch GitHub commit ID from kodata failed: \"ref: refs/heads/0.8.0-**-support-backwards-incompats\" is not a valid GitHub commit ID"}
{"level":"info","ts":1586889967.929173,"logger":"fallback-logger","caller":"git/git.go:103","msg":"Successfully cloned https://github.com/cb-kubecd/environment-pr-200-1-boot-gke-production.git @ master in path /workspace/source"}

Showing logs for build [32mcb-kubecd-environment-pr-200-1-qb9j7-1[0m stage [32mfrom-build-pack[0m and container [32mstep-git-merge[0m
Using SHAs from PULL_REFS=master:b865754d5e9284393a4e364e4dc6056c7c006dec,1:e3108d7e276cb21e00335e6f343e554e1a2cc248
DEBUG: LC_ALL=C JX_LOG_LEVEL=error git fetch origin --unshallow e3108d7e276cb21e00335e6f343e554e1a2cc248: b865754d5e9284393a4e364e4dc6056c7c006dec:
DEBUG: ran git fetch --unshallow origin e3108d7e276cb21e00335e6f343e554e1a2cc248: b865754d5e9284393a4e364e4dc6056c7c006dec: in 
DEBUG: LC_ALL=C JX_LOG_LEVEL=error git branch
DEBUG: LC_ALL=C JX_LOG_LEVEL=error git checkout master
DEBUG: ran git checkout master in 
DEBUG: JX_LOG_LEVEL=error LC_ALL=C git reset --hard b865754d5e9284393a4e364e4dc6056c7c006dec
DEBUG: ran git reset --hard b865754d5e9284393a4e364e4dc6056c7c006dec in 
DEBUG: LC_ALL=C JX_LOG_LEVEL=error git clean -fd .
DEBUG: ran clean --force -d . in 
DEBUG: LC_ALL=C JX_LOG_LEVEL=error git merge e3108d7e276cb21e00335e6f343e554e1a2cc248
DEBUG: ran git merge e3108d7e276cb21e00335e6f343e554e1a2cc248 in 
DEBUG: LC_ALL=C JX_LOG_LEVEL=error git log --format=%H%x1f%an%x1f%ae%x1f%cn%x1f%ce%x1f%s%n%b%x1e b865754d5e9284393a4e364e4dc6056c7c006dec..HEAD
Merged SHA e3108d7e276cb21e00335e6f343e554e1a2cc248 with commit message 'chore: Promote bdd-spring-1586889010 to version 0.0.1' into base branch master

Showing logs for build [32mcb-kubecd-environment-pr-200-1-qb9j7-1[0m stage [32mfrom-build-pack[0m and container [32mstep-build-helm-build[0m
WARNING: No $CHART_REPOSITORY defined so using the default value of: http://jenkins-x-chartmuseum:8080
Adding missing Helm repo: storage.googleapis.com https://storage.googleapis.com/chartmuseum.jenkins-x.io
WARNING: No secrets found on "helm/repos" due: reading the secret "helm/repos" from vault: no secret "helm/repos" not found in vault
Read credentials for https://storage.googleapis.com/chartmuseum.jenkins-x.io from vault helm/repos
Successfully added Helm repository storage.googleapis.com.
Adding missing Helm repo: jenkins-x-chartmuseum http://jenkins-x-chartmuseum:8080
WARNING: No secrets found on "helm/repos" due: reading the secret "helm/repos" from vault: no secret "helm/repos" not found in vault
Read credentials for http://jenkins-x-chartmuseum:8080 from vault helm/repos
Successfully added Helm repository jenkins-x-chartmuseum.
WARNING: No $CHART_REPOSITORY defined so using the default value of: http://jenkins-x-chartmuseum:8080
Adding missing Helm repo: chartmuseum.jenkins-x.io http://chartmuseum.jenkins-x.io
WARNING: No secrets found on "helm/repos" due: reading the secret "helm/repos" from vault: no secret "helm/repos" not found in vault
Read credentials for http://chartmuseum.jenkins-x.io from vault helm/repos
Successfully added Helm repository chartmuseum.jenkins-x.io.
